d:\programs\cplusplus\chmlabs\lab2kapkaev\lab2kapkaev\x64\debug\vc143.pdb
d:\programs\cplusplus\chmlabs\lab2kapkaev\lab2kapkaev\x64\debug\vc143.idb
d:\programs\cplusplus\chmlabs\lab2kapkaev\lab2kapkaev\x64\debug\lab2kapkaev.obj
d:\programs\cplusplus\chmlabs\новая папка\chm-kapkaev-2\lab2kapkaev\x64\debug\vc143.pdb
d:\programs\cplusplus\chmlabs\новая папка\chm-kapkaev-2\lab2kapkaev\x64\debug\vc143.idb
d:\programs\cplusplus\chmlabs\новая папка\chm-kapkaev-2\lab2kapkaev\x64\debug\lab2kapkaev.obj
d:\programs\cplusplus\chmlabs\lab2kapkaev\x64\debug\lab2kapkaev.exe
d:\programs\cplusplus\chmlabs\lab2kapkaev\lab2kapkaev\x64\debug\lab2kapkaev.ilk
d:\programs\cplusplus\chmlabs\lab2kapkaev\x64\debug\lab2kapkaev.pdb
d:\programs\cplusplus\chmlabs\новая папка\chm-kapkaev-2\x64\debug\lab2kapkaev.exe
d:\programs\cplusplus\chmlabs\новая папка\chm-kapkaev-2\lab2kapkaev\x64\debug\lab2kapkaev.ilk
d:\programs\cplusplus\chmlabs\новая папка\chm-kapkaev-2\x64\debug\lab2kapkaev.pdb
d:\programs\cplusplus\chmlabs\новая папка\chm-kapkaev-2\lab2kapkaev\x64\debug\lab2kapkaev.obj.enc
d:\programs\cplusplus\chmlabs\новая папка\chm-kapkaev-2\lab2kapkaev\x64\debug\lab2kapkaev.tlog\cl.command.1.tlog
d:\programs\cplusplus\chmlabs\новая папка\chm-kapkaev-2\lab2kapkaev\x64\debug\lab2kapkaev.tlog\cl.items.tlog
d:\programs\cplusplus\chmlabs\новая папка\chm-kapkaev-2\lab2kapkaev\x64\debug\lab2kapkaev.tlog\cl.read.1.tlog
d:\programs\cplusplus\chmlabs\новая папка\chm-kapkaev-2\lab2kapkaev\x64\debug\lab2kapkaev.tlog\cl.write.1.tlog
d:\programs\cplusplus\chmlabs\новая папка\chm-kapkaev-2\lab2kapkaev\x64\debug\lab2kapkaev.tlog\link.command.1.tlog
d:\programs\cplusplus\chmlabs\новая папка\chm-kapkaev-2\lab2kapkaev\x64\debug\lab2kapkaev.tlog\link.read.1.tlog
d:\programs\cplusplus\chmlabs\новая папка\chm-kapkaev-2\lab2kapkaev\x64\debug\lab2kapkaev.tlog\link.write.1.tlog
