  Lab2Kapkaev.cpp
D:\there_is_no_god_further\ChM-Kapkaev-2\Lab2Kapkaev\Progonka.hpp(60,10): warning C4267: аргумент: преобразование из "size_t" в "int"; возможна потеря данных
  (компиляция исходного файла "Lab2Kapkaev.cpp")
  
D:\there_is_no_god_further\ChM-Kapkaev-2\Lab2Kapkaev\Progonka.hpp(61,10): warning C4267: аргумент: преобразование из "size_t" в "int"; возможна потеря данных
  (компиляция исходного файла "Lab2Kapkaev.cpp")
  
D:\there_is_no_god_further\ChM-Kapkaev-2\Lab2Kapkaev\Progonka.hpp(62,10): warning C4267: аргумент: преобразование из "size_t" в "int"; возможна потеря данных
  (компиляция исходного файла "Lab2Kapkaev.cpp")
  
D:\there_is_no_god_further\ChM-Kapkaev-2\Lab2Kapkaev\Progonka.hpp(105,9): warning C4267: аргумент: преобразование из "size_t" в "int"; возможна потеря данных
  (компиляция исходного файла "Lab2Kapkaev.cpp")
  
D:\there_is_no_god_further\ChM-Kapkaev-2\Lab2Kapkaev\Progonka.hpp(106,9): warning C4267: аргумент: преобразование из "size_t" в "int"; возможна потеря данных
  (компиляция исходного файла "Lab2Kapkaev.cpp")
  
D:\there_is_no_god_further\ChM-Kapkaev-2\Lab2Kapkaev\Progonka.hpp(107,9): warning C4267: аргумент: преобразование из "size_t" в "int"; возможна потеря данных
  (компиляция исходного файла "Lab2Kapkaev.cpp")
  
D:\there_is_no_god_further\ChM-Kapkaev-2\Lab2Kapkaev\Progonka.hpp(119,10): warning C4267: аргумент: преобразование из "size_t" в "int"; возможна потеря данных
  (компиляция исходного файла "Lab2Kapkaev.cpp")
  
D:\there_is_no_god_further\ChM-Kapkaev-2\Lab2Kapkaev\Progonka.hpp(120,10): warning C4267: аргумент: преобразование из "size_t" в "int"; возможна потеря данных
  (компиляция исходного файла "Lab2Kapkaev.cpp")
  
D:\there_is_no_god_further\ChM-Kapkaev-2\Lab2Kapkaev\Progonka.hpp(121,10): warning C4267: аргумент: преобразование из "size_t" в "int"; возможна потеря данных
  (компиляция исходного файла "Lab2Kapkaev.cpp")
  
D:\there_is_no_god_further\ChM-Kapkaev-2\Lab2Kapkaev\Progonka.hpp(133,9): warning C4267: аргумент: преобразование из "size_t" в "int"; возможна потеря данных
  (компиляция исходного файла "Lab2Kapkaev.cpp")
  
D:\there_is_no_god_further\ChM-Kapkaev-2\Lab2Kapkaev\Progonka.hpp(151,21): warning C4267: аргумент: преобразование из "size_t" в "int"; возможна потеря данных
  (компиляция исходного файла "Lab2Kapkaev.cpp")
  
D:\there_is_no_god_further\ChM-Kapkaev-2\Lab2Kapkaev\Progonka.hpp(152,22): warning C4267: аргумент: преобразование из "size_t" в "int"; возможна потеря данных
  (компиляция исходного файла "Lab2Kapkaev.cpp")
  
D:\there_is_no_god_further\ChM-Kapkaev-2\Lab2Kapkaev\Progonka.hpp(152,37): warning C4267: аргумент: преобразование из "size_t" в "int"; возможна потеря данных
  (компиляция исходного файла "Lab2Kapkaev.cpp")
  
D:\there_is_no_god_further\ChM-Kapkaev-2\Lab2Kapkaev\Progonka.hpp(156,23): warning C4267: аргумент: преобразование из "size_t" в "int"; возможна потеря данных
  (компиляция исходного файла "Lab2Kapkaev.cpp")
  
D:\there_is_no_god_further\ChM-Kapkaev-2\Lab2Kapkaev\Progonka.hpp(157,15): warning C4267: аргумент: преобразование из "size_t" в "int"; возможна потеря данных
  (компиляция исходного файла "Lab2Kapkaev.cpp")
  
D:\there_is_no_god_further\ChM-Kapkaev-2\Lab2Kapkaev\Progonka.hpp(157,30): warning C4267: аргумент: преобразование из "size_t" в "int"; возможна потеря данных
  (компиляция исходного файла "Lab2Kapkaev.cpp")
  
D:\there_is_no_god_further\ChM-Kapkaev-2\Lab2Kapkaev\TestTask.hpp(27,12): warning C4267: инициализация: преобразование из "size_t" в "int"; возможна потеря данных
  (компиляция исходного файла "Lab2Kapkaev.cpp")
  
  Lab2Kapkaev.vcxproj -> D:\there_is_no_god_further\ChM-Kapkaev-2\x64\Debug\Lab2Kapkaev.exe
